#
# There is insufficient memory for the Java Runtime Environment to continue.
# Native memory allocation (malloc) failed to allocate 98576 bytes for Chunk::new
# Possible reasons:
#   The system is out of physical RAM or swap space
#   The process is running with CompressedOops enabled, and the Java Heap may be blocking the growth of the native heap
# Possible solutions:
#   Reduce memory load on the system
#   Increase physical memory or swap space
#   Check if swap backing store is full
#   Decrease Java heap size (-Xmx/-Xms)
#   Decrease number of Java threads
#   Decrease Java thread stack sizes (-Xss)
#   Set larger code cache with -XX:ReservedCodeCacheSize=
#   JVM is running with Zero Based Compressed Oops mode in which the Java heap is
#     placed in the first 32GB address space. The Java Heap base address is the
#     maximum limit for the native heap growth. Please use -XX:HeapBaseMinAddress
#     to set the Java Heap base and to place the Java Heap above 32GB virtual address.
# This output file may be truncated or incomplete.
#
#  Out of Memory Error (arena.cpp:168), pid=14408, tid=11344
#
# JRE version: Java(TM) SE Runtime Environment (21.0.1+12) (build 21.0.1+12-LTS-29)
# Java VM: Java HotSpot(TM) 64-Bit Server VM (21.0.1+12-LTS-29, mixed mode, sharing, tiered, compressed oops, compressed class ptrs, g1 gc, windows-amd64)
# No core dump will be written. Minidumps are not enabled by default on client versions of Windows
#

---------------  S U M M A R Y ------------

Command Line: -ea -Didea.test.cyclic.buffer.size=1048576 -javaagent:C:\Program Files\JetBrains\IntelliJ IDEA Community Edition 2023.3.1\lib\idea_rt.jar=64338:C:\Program Files\JetBrains\IntelliJ IDEA Community Edition 2023.3.1\bin -Dfile.encoding=UTF-8 -Dsun.stdout.encoding=UTF-8 -Dsun.stderr.encoding=UTF-8 com.intellij.rt.junit.JUnitStarter -ideVersion5 -junit5 com.orders.cabinet.controller.user.LoginControllerTest,logoutTestPositive

Host: Intel(R) Core(TM) i7-7500U CPU @ 2.70GHz, 4 cores, 11G,  Windows 10 , 64 bit Build 19041 (10.0.19041.4597)
Time: Wed Jul 24 12:37:42 2024  Windows 10 , 64 bit Build 19041 (10.0.19041.4597) elapsed time: 1.617407 seconds (0d 0h 0m 1s)

---------------  T H R E A D  ---------------

Current thread (0x000001df600a1090):  JavaThread "C2 CompilerThread0" daemon [_thread_in_native, id=11344, stack(0x0000009995c00000,0x0000009995d00000) (1024K)]


Current CompileTask:
C2:   1617 1012       4       java.lang.String::substring (58 bytes)

Stack: [0x0000009995c00000,0x0000009995d00000]
Native frames: (J=compiled Java code, j=interpreted, Vv=VM code, C=native code)
V  [jvm.dll+0x6c9029]
V  [jvm.dll+0x854b81]
V  [jvm.dll+0x856e5e]
V  [jvm.dll+0x857543]
V  [jvm.dll+0x280c06]
V  [jvm.dll+0xc3ead]
V  [jvm.dll+0xc43c3]
V  [jvm.dll+0x3b5732]
V  [jvm.dll+0x382475]
V  [jvm.dll+0x3818ea]
V  [jvm.dll+0x249ad0]
V  [jvm.dll+0x2490b1]
V  [jvm.dll+0x1c9ca1]
V  [jvm.dll+0x2586b9]
V  [jvm.dll+0x256c9a]
V  [jvm.dll+0x3ef1b6]
V  [jvm.dll+0x7fd728]
V  [jvm.dll+0x6c777d]
C  [ucrtbase.dll+0x21bb2]
C  [KERNEL32.DLL+0x17374]
C  [ntdll.dll+0x4cc91]


---------------  P R O C E S S  ---------------

Threads class SMR info:
_java_thread_list=0x000001df607bd9d0, length=13, elements={
0x000001df40ce11f0, 0x000001df600977d0, 0x000001df6009a600, 0x000001df6009c3d0,
0x000001df6009ee40, 0x000001df6009f8a0, 0x000001df600a0300, 0x000001df600a1090,
0x000001df600a42e0, 0x000001df603afa50, 0x000001df604282e0, 0x000001df60428950,
0x000001df60a78550
}

Java Threads: ( => current thread )
  0x000001df40ce11f0 JavaThread "main"                              [_thread_in_vm, id=11860, stack(0x0000009994e00000,0x0000009994f00000) (1024K)]
  0x000001df600977d0 JavaThread "Reference Handler"          daemon [_thread_blocked, id=15532, stack(0x0000009995600000,0x0000009995700000) (1024K)]
  0x000001df6009a600 JavaThread "Finalizer"                  daemon [_thread_blocked, id=16556, stack(0x0000009995700000,0x0000009995800000) (1024K)]
  0x000001df6009c3d0 JavaThread "Signal Dispatcher"          daemon [_thread_blocked, id=3020, stack(0x0000009995800000,0x0000009995900000) (1024K)]
  0x000001df6009ee40 JavaThread "Attach Listener"            daemon [_thread_blocked, id=15428, stack(0x0000009995900000,0x0000009995a00000) (1024K)]
  0x000001df6009f8a0 JavaThread "Service Thread"             daemon [_thread_blocked, id=6312, stack(0x0000009995a00000,0x0000009995b00000) (1024K)]
  0x000001df600a0300 JavaThread "Monitor Deflation Thread"   daemon [_thread_blocked, id=14580, stack(0x0000009995b00000,0x0000009995c00000) (1024K)]
=>0x000001df600a1090 JavaThread "C2 CompilerThread0"         daemon [_thread_in_native, id=11344, stack(0x0000009995c00000,0x0000009995d00000) (1024K)]
  0x000001df600a42e0 JavaThread "C1 CompilerThread0"         daemon [_thread_in_vm, id=13932, stack(0x0000009995d00000,0x0000009995e00000) (1024K)]
  0x000001df603afa50 JavaThread "Common-Cleaner"             daemon [_thread_blocked, id=15076, stack(0x0000009995e00000,0x0000009995f00000) (1024K)]
  0x000001df604282e0 JavaThread "Monitor Ctrl-Break"         daemon [_thread_in_native, id=15696, stack(0x0000009995f00000,0x0000009996000000) (1024K)]
  0x000001df60428950 JavaThread "Notification Thread"        daemon [_thread_blocked, id=4472, stack(0x0000009996000000,0x0000009996100000) (1024K)]
  0x000001df60a78550 JavaThread "C2 CompilerThread1"         daemon [_thread_in_native, id=18088, stack(0x0000009996400000,0x0000009996500000) (1024K)]
Total: 13

Other Threads:
  0x000001df60077770 VMThread "VM Thread"                           [id=16048, stack(0x0000009995500000,0x0000009995600000) (1024K)]
  0x000001df60060f10 WatcherThread "VM Periodic Task Thread"        [id=2420, stack(0x0000009995400000,0x0000009995500000) (1024K)]
  0x000001df40d385e0 WorkerThread "GC Thread#0"                     [id=9460, stack(0x0000009994f00000,0x0000009995000000) (1024K)]
  0x000001df609fc240 WorkerThread "GC Thread#1"                     [id=12132, stack(0x0000009996100000,0x0000009996200000) (1024K)]
  0x000001df609fc5e0 WorkerThread "GC Thread#2"                     [id=8992, stack(0x0000009996200000,0x0000009996300000) (1024K)]
  0x000001df609fc980 WorkerThread "GC Thread#3"                     [id=4452, stack(0x0000009996300000,0x0000009996400000) (1024K)]
  0x000001df40d452d0 ConcurrentGCThread "G1 Main Marker"            [id=4584, stack(0x0000009995000000,0x0000009995100000) (1024K)]
  0x000001df40d45ce0 WorkerThread "G1 Conc#0"                       [id=1888, stack(0x0000009995100000,0x0000009995200000) (1024K)]
  0x000001df5ff330b0 ConcurrentGCThread "G1 Refine#0"               [id=9192, stack(0x0000009995200000,0x0000009995300000) (1024K)]
  0x000001df5ff33b30 ConcurrentGCThread "G1 Service"                [id=12572, stack(0x0000009995300000,0x0000009995400000) (1024K)]
Total: 10

Threads with active compile tasks:
C2 CompilerThread0     1771 1012       4       java.lang.String::substring (58 bytes)
C1 CompilerThread0     1771 1136       3       java.lang.PublicMethods$MethodList::merge (192 bytes)
C2 CompilerThread1     1771 1087       4       java.io.DataInputStream::readFully (59 bytes)
Total: 3

VM state: not at safepoint (normal execution)

VM Mutex/Monitor currently owned by a thread:  ([mutex/lock_event])
[0x00007ff83ff78578] Metaspace_lock - owner thread: 0x000001df600a42e0

Heap address: 0x0000000742000000, size: 3040 MB, Compressed Oops mode: Zero based, Oop shift amount: 3

CDS archive(s) mapped at: [0x000001df61000000-0x000001df61c90000-0x000001df61c90000), size 13172736, SharedBaseAddress: 0x000001df61000000, ArchiveRelocationMode: 1.
Compressed class space mapped at: 0x000001df62000000-0x000001dfa2000000, reserved size: 1073741824
Narrow klass base: 0x000001df61000000, Narrow klass shift: 0, Narrow klass range: 0x100000000

GC Precious Log:
 CardTable entry size: 512
 Card Set container configuration: InlinePtr #cards 4 size 8 Array Of Cards #cards 16 size 48 Howl #buckets 8 coarsen threshold 3686 Howl Bitmap #cards 512 size 80 coarsen threshold 460 Card regions per heap region 1 cards per card region 4096
 CPUs: 4 total, 4 available
 Memory: 12157M
 Large Page Support: Disabled
 NUMA Support: Disabled
 Compressed Oops: Enabled (Zero based)
 Heap Region Size: 2M
 Heap Min Capacity: 8M
 Heap Initial Capacity: 190M
 Heap Max Capacity: 3040M
 Pre-touch: Disabled
 Parallel Workers: 4
 Concurrent Workers: 1
 Concurrent Refinement Workers: 4
 Periodic GC: Disabled

Heap:
 garbage-first heap   total 194560K, used 9766K [0x0000000742000000, 0x0000000800000000)
  region size 2048K, 3 young (6144K), 1 survivors (2048K)
 Metaspace       used 5798K, committed 5952K, reserved 1114112K
  class space    used 669K, committed 768K, reserved 1048576K

Heap Regions: E=young(eden), S=young(survivor), O=old, HS=humongous(starts), HC=humongous(continues), CS=collection set, F=free, TAMS=top-at-mark-start, PB=parsable bottom
|   0|0x0000000742000000, 0x0000000742200000, 0x0000000742200000|100%| O|  |TAMS 0x0000000742000000| PB 0x0000000742000000| Untracked 
|   1|0x0000000742200000, 0x0000000742400000, 0x0000000742400000|100%| O|  |TAMS 0x0000000742200000| PB 0x0000000742200000| Untracked 
|   2|0x0000000742400000, 0x0000000742600000, 0x0000000742600000|100%| O|  |TAMS 0x0000000742400000| PB 0x0000000742400000| Untracked 
|   3|0x0000000742600000, 0x00000007426eb658, 0x0000000742800000| 45%| O|  |TAMS 0x0000000742600000| PB 0x0000000742600000| Untracked 
|   4|0x0000000742800000, 0x0000000742800000, 0x0000000742a00000|  0%| F|  |TAMS 0x0000000742800000| PB 0x0000000742800000| Untracked 
|   5|0x0000000742a00000, 0x0000000742a00000, 0x0000000742c00000|  0%| F|  |TAMS 0x0000000742a00000| PB 0x0000000742a00000| Untracked 
|   6|0x0000000742c00000, 0x0000000742c00000, 0x0000000742e00000|  0%| F|  |TAMS 0x0000000742c00000| PB 0x0000000742c00000| Untracked 
|   7|0x0000000742e00000, 0x0000000742e00000, 0x0000000743000000|  0%| F|  |TAMS 0x0000000742e00000| PB 0x0000000742e00000| Untracked 
|   8|0x0000000743000000, 0x0000000743000000, 0x0000000743200000|  0%| F|  |TAMS 0x0000000743000000| PB 0x0000000743000000| Untracked 
|   9|0x0000000743200000, 0x0000000743200000, 0x0000000743400000|  0%| F|  |TAMS 0x0000000743200000| PB 0x0000000743200000| Untracked 
|  10|0x0000000743400000, 0x0000000743400000, 0x0000000743600000|  0%| F|  |TAMS 0x0000000743400000| PB 0x0000000743400000| Untracked 
|  11|0x0000000743600000, 0x0000000743600000, 0x0000000743800000|  0%| F|  |TAMS 0x0000000743600000| PB 0x0000000743600000| Untracked 
|  12|0x0000000743800000, 0x0000000743800000, 0x0000000743a00000|  0%| F|  |TAMS 0x0000000743800000| PB 0x0000000743800000| Untracked 
|  13|0x0000000743a00000, 0x0000000743a00000, 0x0000000743c00000|  0%| F|  |TAMS 0x0000000743a00000| PB 0x0000000743a00000| Untracked 
|  14|0x0000000743c00000, 0x0000000743c00000, 0x0000000743e00000|  0%| F|  |TAMS 0x0000000743c00000| PB 0x0000000743c00000| Untracked 
|  15|0x0000000743e00000, 0x0000000743e00000, 0x0000000744000000|  0%| F|  |TAMS 0x0000000743e00000| PB 0x0000000743e00000| Untracked 
|  16|0x0000000744000000, 0x0000000744000000, 0x0000000744200000|  0%| F|  |TAMS 0x0000000744000000| PB 0x0000000744000000| Untracked 
|  17|0x0000000744200000, 0x0000000744200000, 0x0000000744400000|  0%| F|  |TAMS 0x0000000744200000| PB 0x0000000744200000| Untracked 
|  18|0x0000000744400000, 0x0000000744400000, 0x0000000744600000|  0%| F|  |TAMS 0x0000000744400000| PB 0x0000000744400000| Untracked 
|  19|0x0000000744600000, 0x0000000744600000, 0x0000000744800000|  0%| F|  |TAMS 0x0000000744600000| PB 0x0000000744600000| Untracked 
|  20|0x0000000744800000, 0x0000000744800000, 0x0000000744a00000|  0%| F|  |TAMS 0x0000000744800000| PB 0x0000000744800000| Untracked 
|  21|0x0000000744a00000, 0x0000000744a00000, 0x0000000744c00000|  0%| F|  |TAMS 0x0000000744a00000| PB 0x0000000744a00000| Untracked 
|  22|0x0000000744c00000, 0x0000000744c00000, 0x0000000744e00000|  0%| F|  |TAMS 0x0000000744c00000| PB 0x0000000744c00000| Untracked 
|  23|0x0000000744e00000, 0x0000000744e00000, 0x0000000745000000|  0%| F|  |TAMS 0x0000000744e00000| PB 0x0000000744e00000| Untracked 
|  24|0x0000000745000000, 0x0000000745000000, 0x0000000745200000|  0%| F|  |TAMS 0x0000000745000000| PB 0x0000000745000000| Untracked 
|  25|0x0000000745200000, 0x0000000745200000, 0x0000000745400000|  0%| F|  |TAMS 0x0000000745200000| PB 0x0000000745200000| Untracked 
|  26|0x0000000745400000, 0x0000000745400000, 0x0000000745600000|  0%| F|  |TAMS 0x0000000745400000| PB 0x0000000745400000| Untracked 
|  27|0x0000000745600000, 0x0000000745600000, 0x0000000745800000|  0%| F|  |TAMS 0x0000000745600000| PB 0x0000000745600000| Untracked 
|  28|0x0000000745800000, 0x0000000745800000, 0x0000000745a00000|  0%| F|  |TAMS 0x0000000745800000| PB 0x0000000745800000| Untracked 
|  29|0x0000000745a00000, 0x0000000745a00000, 0x0000000745c00000|  0%| F|  |TAMS 0x0000000745a00000| PB 0x0000000745a00000| Untracked 
|  30|0x0000000745c00000, 0x0000000745c00000, 0x0000000745e00000|  0%| F|  |TAMS 0x0000000745c00000| PB 0x0000000745c00000| Untracked 
|  31|0x0000000745e00000, 0x0000000745e00000, 0x0000000746000000|  0%| F|  |TAMS 0x0000000745e00000| PB 0x0000000745e00000| Untracked 
|  32|0x0000000746000000, 0x0000000746000000, 0x0000000746200000|  0%| F|  |TAMS 0x0000000746000000| PB 0x0000000746000000| Untracked 
|  33|0x0000000746200000, 0x0000000746200000, 0x0000000746400000|  0%| F|  |TAMS 0x0000000746200000| PB 0x0000000746200000| Untracked 
|  34|0x0000000746400000, 0x0000000746400000, 0x0000000746600000|  0%| F|  |TAMS 0x0000000746400000| PB 0x0000000746400000| Untracked 
|  35|0x0000000746600000, 0x0000000746600000, 0x0000000746800000|  0%| F|  |TAMS 0x0000000746600000| PB 0x0000000746600000| Untracked 
|  36|0x0000000746800000, 0x0000000746800000, 0x0000000746a00000|  0%| F|  |TAMS 0x0000000746800000| PB 0x0000000746800000| Untracked 
|  37|0x0000000746a00000, 0x0000000746a00000, 0x0000000746c00000|  0%| F|  |TAMS 0x0000000746a00000| PB 0x0000000746a00000| Untracked 
|  38|0x0000000746c00000, 0x0000000746c00000, 0x0000000746e00000|  0%| F|  |TAMS 0x0000000746c00000| PB 0x0000000746c00000| Untracked 
|  39|0x0000000746e00000, 0x0000000746e00000, 0x0000000747000000|  0%| F|  |TAMS 0x0000000746e00000| PB 0x0000000746e00000| Untracked 
|  40|0x0000000747000000, 0x0000000747000000, 0x0000000747200000|  0%| F|  |TAMS 0x0000000747000000| PB 0x0000000747000000| Untracked 
|  41|0x0000000747200000, 0x0000000747200000, 0x0000000747400000|  0%| F|  |TAMS 0x0000000747200000| PB 0x0000000747200000| Untracked 
|  42|0x0000000747400000, 0x0000000747400000, 0x0000000747600000|  0%| F|  |TAMS 0x0000000747400000| PB 0x0000000747400000| Untracked 
|  43|0x0000000747600000, 0x0000000747600000, 0x0000000747800000|  0%| F|  |TAMS 0x0000000747600000| PB 0x0000000747600000| Untracked 
|  44|0x0000000747800000, 0x0000000747800000, 0x0000000747a00000|  0%| F|  |TAMS 0x0000000747800000| PB 0x0000000747800000| Untracked 
|  45|0x0000000747a00000, 0x0000000747a00000, 0x0000000747c00000|  0%| F|  |TAMS 0x0000000747a00000| PB 0x0000000747a00000| Untracked 
|  46|0x0000000747c00000, 0x0000000747c00000, 0x0000000747e00000|  0%| F|  |TAMS 0x0000000747c00000| PB 0x0000000747c00000| Untracked 
|  47|0x0000000747e00000, 0x0000000747e00000, 0x0000000748000000|  0%| F|  |TAMS 0x0000000747e00000| PB 0x0000000747e00000| Untracked 
|  48|0x0000000748000000, 0x0000000748000000, 0x0000000748200000|  0%| F|  |TAMS 0x0000000748000000| PB 0x0000000748000000| Untracked 
|  49|0x0000000748200000, 0x0000000748200000, 0x0000000748400000|  0%| F|  |TAMS 0x0000000748200000| PB 0x0000000748200000| Untracked 
|  50|0x0000000748400000, 0x0000000748400000, 0x0000000748600000|  0%| F|  |TAMS 0x0000000748400000| PB 0x0000000748400000| Untracked 
|  51|0x0000000748600000, 0x0000000748600000, 0x0000000748800000|  0%| F|  |TAMS 0x0000000748600000| PB 0x0000000748600000| Untracked 
|  52|0x0000000748800000, 0x0000000748800000, 0x0000000748a00000|  0%| F|  |TAMS 0x0000000748800000| PB 0x0000000748800000| Untracked 
|  53|0x0000000748a00000, 0x0000000748a00000, 0x0000000748c00000|  0%| F|  |TAMS 0x0000000748a00000| PB 0x0000000748a00000| Untracked 
|  54|0x0000000748c00000, 0x0000000748c00000, 0x0000000748e00000|  0%| F|  |TAMS 0x0000000748c00000| PB 0x0000000748c00000| Untracked 
|  55|0x0000000748e00000, 0x0000000748e00000, 0x0000000749000000|  0%| F|  |TAMS 0x0000000748e00000| PB 0x0000000748e00000| Untracked 
|  56|0x0000000749000000, 0x0000000749000000, 0x0000000749200000|  0%| F|  |TAMS 0x0000000749000000| PB 0x0000000749000000| Untracked 
|  57|0x0000000749200000, 0x0000000749200000, 0x0000000749400000|  0%| F|  |TAMS 0x0000000749200000| PB 0x0000000749200000| Untracked 
|  58|0x0000000749400000, 0x0000000749400000, 0x0000000749600000|  0%| F|  |TAMS 0x0000000749400000| PB 0x0000000749400000| Untracked 
|  59|0x0000000749600000, 0x0000000749600000, 0x0000000749800000|  0%| F|  |TAMS 0x0000000749600000| PB 0x0000000749600000| Untracked 
|  60|0x0000000749800000, 0x0000000749800000, 0x0000000749a00000|  0%| F|  |TAMS 0x0000000749800000| PB 0x0000000749800000| Untracked 
|  61|0x0000000749a00000, 0x0000000749a00000, 0x0000000749c00000|  0%| F|  |TAMS 0x0000000749a00000| PB 0x0000000749a00000| Untracked 
|  62|0x0000000749c00000, 0x0000000749c00000, 0x0000000749e00000|  0%| F|  |TAMS 0x0000000749c00000| PB 0x0000000749c00000| Untracked 
|  63|0x0000000749e00000, 0x0000000749e00000, 0x000000074a000000|  0%| F|  |TAMS 0x0000000749e00000| PB 0x0000000749e00000| Untracked 
|  64|0x000000074a000000, 0x000000074a000000, 0x000000074a200000|  0%| F|  |TAMS 0x000000074a000000| PB 0x000000074a000000| Untracked 
|  65|0x000000074a200000, 0x000000074a200000, 0x000000074a400000|  0%| F|  |TAMS 0x000000074a200000| PB 0x000000074a200000| Untracked 
|  66|0x000000074a400000, 0x000000074a400000, 0x000000074a600000|  0%| F|  |TAMS 0x000000074a400000| PB 0x000000074a400000| Untracked 
|  67|0x000000074a600000, 0x000000074a600000, 0x000000074a800000|  0%| F|  |TAMS 0x000000074a600000| PB 0x000000074a600000| Untracked 
|  68|0x000000074a800000, 0x000000074a800000, 0x000000074aa00000|  0%| F|  |TAMS 0x000000074a800000| PB 0x000000074a800000| Untracked 
|  69|0x000000074aa00000, 0x000000074aa00000, 0x000000074ac00000|  0%| F|  |TAMS 0x000000074aa00000| PB 0x000000074aa00000| Untracked 
|  70|0x000000074ac00000, 0x000000074ac00000, 0x000000074ae00000|  0%| F|  |TAMS 0x000000074ac00000| PB 0x000000074ac00000| Untracked 
|  71|0x000000074ae00000, 0x000000074ae00000, 0x000000074b000000|  0%| F|  |TAMS 0x000000074ae00000| PB 0x000000074ae00000| Untracked 
|  72|0x000000074b000000, 0x000000074b000000, 0x000000074b200000|  0%| F|  |TAMS 0x000000074b000000| PB 0x000000074b000000| Untracked 
|  73|0x000000074b200000, 0x000000074b200000, 0x000000074b400000|  0%| F|  |TAMS 0x000000074b200000| PB 0x000000074b200000| Untracked 
|  74|0x000000074b400000, 0x000000074b400000, 0x000000074b600000|  0%| F|  |TAMS 0x000000074b400000| PB 0x000000074b400000| Untracked 
|  75|0x000000074b600000, 0x000000074b600000, 0x000000074b800000|  0%| F|  |TAMS 0x000000074b600000| PB 0x000000074b600000| Untracked 
|  76|0x000000074b800000, 0x000000074b800000, 0x000000074ba00000|  0%| F|  |TAMS 0x000000074b800000| PB 0x000000074b800000| Untracked 
|  77|0x000000074ba00000, 0x000000074ba00000, 0x000000074bc00000|  0%| F|  |TAMS 0x000000074ba00000| PB 0x000000074ba00000| Untracked 
|  78|0x000000074bc00000, 0x000000074bc00000, 0x000000074be00000|  0%| F|  |TAMS 0x000000074bc00000| PB 0x000000074bc00000| Untracked 
|  79|0x000000074be00000, 0x000000074be00000, 0x000000074c000000|  0%| F|  |TAMS 0x000000074be00000| PB 0x000000074be00000| Untracked 
|  80|0x000000074c000000, 0x000000074c000000, 0x000000074c200000|  0%| F|  |TAMS 0x000000074c000000| PB 0x000000074c000000| Untracked 
|  81|0x000000074c200000, 0x000000074c200000, 0x000000074c400000|  0%| F|  |TAMS 0x000000074c200000| PB 0x000000074c200000| Untracked 
|  82|0x000000074c400000, 0x000000074c400000, 0x000000074c600000|  0%| F|  |TAMS 0x000000074c400000| PB 0x000000074c400000| Untracked 
|  83|0x000000074c600000, 0x000000074c600000, 0x000000074c800000|  0%| F|  |TAMS 0x000000074c600000| PB 0x000000074c600000| Untracked 
|  84|0x000000074c800000, 0x000000074c800000, 0x000000074ca00000|  0%| F|  |TAMS 0x000000074c800000| PB 0x000000074c800000| Untracked 
|  85|0x000000074ca00000, 0x000000074ca00000, 0x000000074cc00000|  0%| F|  |TAMS 0x000000074ca00000| PB 0x000000074ca00000| Untracked 
|  86|0x000000074cc00000, 0x000000074cc00000, 0x000000074ce00000|  0%| F|  |TAMS 0x000000074cc00000| PB 0x000000074cc00000| Untracked 
|  87|0x000000074ce00000, 0x000000074ce00000, 0x000000074d000000|  0%| F|  |TAMS 0x000000074ce00000| PB 0x000000074ce00000| Untracked 
|  88|0x000000074d000000, 0x000000074d000000, 0x000000074d200000|  0%| F|  |TAMS 0x000000074d000000| PB 0x000000074d000000| Untracked 
|  89|0x000000074d200000, 0x000000074d200000, 0x000000074d400000|  0%| F|  |TAMS 0x000000074d200000| PB 0x000000074d200000| Untracked 
|  90|0x000000074d400000, 0x000000074d400000, 0x000000074d600000|  0%| F|  |TAMS 0x000000074d400000| PB 0x000000074d400000| Untracked 
|  91|0x000000074d600000, 0x000000074d69e2d0, 0x000000074d800000| 30%| S|CS|TAMS 0x000000074d600000| PB 0x000000074d600000| Complete 
|  92|0x000000074d800000, 0x000000074d800000, 0x000000074da00000|  0%| F|  |TAMS 0x000000074d800000| PB 0x000000074d800000| Untracked 
|  93|0x000000074da00000, 0x000000074dae91f8, 0x000000074dc00000| 45%| E|  |TAMS 0x000000074da00000| PB 0x000000074da00000| Complete 
|  94|0x000000074dc00000, 0x000000074de00000, 0x000000074de00000|100%| E|CS|TAMS 0x000000074dc00000| PB 0x000000074dc00000| Complete 

Card table byte_map: [0x000001df5a530000,0x000001df5ab20000] _byte_map_base: 0x000001df56b20000

Marking Bits: (CMBitMap*) 0x000001df40d38bf0
 Bits: [0x000001df5ab20000, 0x000001df5daa0000)

Polling page: 0x000001df40da0000

Metaspace:

Usage:
  Non-class:      5.01 MB used.
      Class:    669.33 KB used.
       Both:      5.66 MB used.

Virtual space:
  Non-class space:       64.00 MB reserved,       5.06 MB (  8%) committed,  1 nodes.
      Class space:        1.00 GB reserved,     768.00 KB ( <1%) committed,  1 nodes.
             Both:        1.06 GB reserved,       5.81 MB ( <1%) committed. 

Chunk freelists:
   Non-Class:  10.44 MB
       Class:  15.09 MB
        Both:  25.53 MB

MaxMetaspaceSize: unlimited
CompressedClassSpaceSize: 1.00 GB
Initial GC threshold: 21.00 MB
Current GC threshold: 21.00 MB
CDS: on
 - commit_granule_bytes: 65536.
 - commit_granule_words: 8192.
 - virtual_space_node_default_size: 8388608.
 - enlarge_chunks_in_place: 1.
 - use_allocation_guard: 0.


Internal statistics:

num_allocs_failed_limit: 0.
num_arena_births: 140.
num_arena_deaths: 0.
num_vsnodes_births: 2.
num_vsnodes_deaths: 0.
num_space_committed: 93.
num_space_uncommitted: 0.
num_chunks_returned_to_freelist: 0.
num_chunks_taken_from_freelist: 281.
num_chunk_merges: 0.
num_chunk_splits: 158.
num_chunks_enlarged: 74.
num_inconsistent_stats: 0.

CodeHeap 'non-profiled nmethods': size=120000Kb used=403Kb max_used=403Kb free=119596Kb
 bounds [0x000001df523d0000, 0x000001df52640000, 0x000001df59900000]
CodeHeap 'profiled nmethods': size=120000Kb used=2046Kb max_used=2046Kb free=117953Kb
 bounds [0x000001df4a900000, 0x000001df4ab70000, 0x000001df51e30000]
CodeHeap 'non-nmethods': size=5760Kb used=1379Kb max_used=1385Kb free=4380Kb
 bounds [0x000001df51e30000, 0x000001df520a0000, 0x000001df523d0000]
 total_blobs=1612 nmethods=1131 adapters=386
 compilation: enabled
              stopped_count=0, restarted_count=0
 full_count=0

Compilation events (20 events):
Event: 1.589 Thread 0x000001df600a42e0 1003       1       java.lang.invoke.MethodHandleNatives::isPullModeBSM (2 bytes)
Event: 1.589 Thread 0x000001df600a42e0 nmethod 1003 0x000001df5242d990 code [0x000001df5242db20, 0x000001df5242dbc8]
Event: 1.598 Thread 0x000001df600a42e0 1005       3       java.lang.invoke.MethodHandleNatives::findMethodHandleType (7 bytes)
Event: 1.598 Thread 0x000001df600a42e0 nmethod 1005 0x000001df4aac3690 code [0x000001df4aac3840, 0x000001df4aac3960]
Event: 1.604 Thread 0x000001df600a42e0 1006       3       jdk.internal.org.objectweb.asm.MethodWriter::visitCode (1 bytes)
Event: 1.604 Thread 0x000001df600a42e0 nmethod 1006 0x000001df4aac3a10 code [0x000001df4aac3ba0, 0x000001df4aac3cb0]
Event: 1.604 Thread 0x000001df600a42e0 1007       3       java.lang.invoke.Invokers::checkExactType (17 bytes)
Event: 1.604 Thread 0x000001df600a42e0 nmethod 1007 0x000001df4aac3d10 code [0x000001df4aac3ec0, 0x000001df4aac40c0]
Event: 1.604 Thread 0x000001df600a42e0 1008       3       java.lang.invoke.Invokers::checkCustomized (23 bytes)
Event: 1.605 Thread 0x000001df600a42e0 nmethod 1008 0x000001df4aac4190 code [0x000001df4aac4340, 0x000001df4aac4510]
Event: 1.608 Thread 0x000001df600a42e0 1009       3       java.util.HashMap::tableSizeFor (32 bytes)
Event: 1.608 Thread 0x000001df600a42e0 nmethod 1009 0x000001df4aac4610 code [0x000001df4aac47e0, 0x000001df4aac49f8]
Event: 1.608 Thread 0x000001df600a42e0 1011       3       java.lang.CharacterDataLatin1::getProperties (11 bytes)
Event: 1.608 Thread 0x000001df600a42e0 nmethod 1011 0x000001df4aac4a90 code [0x000001df4aac4c40, 0x000001df4aac4d88]
Event: 1.610 Thread 0x000001df600a1090 1012       4       java.lang.String::substring (58 bytes)
Event: 1.611 Thread 0x000001df600a42e0 1013       1       java.lang.invoke.DirectMethodHandle::isCrackable (5 bytes)
Event: 1.611 Thread 0x000001df600a42e0 nmethod 1013 0x000001df5242e090 code [0x000001df5242e220, 0x000001df5242e2f0]
Event: 1.611 Thread 0x000001df600a42e0 1014       3       jdk.internal.misc.CDS::isDumpingArchive (4 bytes)
Event: 1.611 Thread 0x000001df600a42e0 nmethod 1014 0x000001df4aac4e90 code [0x000001df4aac5020, 0x000001df4aac5110]
Event: 1.614 Thread 0x000001df60a78550 1015       4       jdk.internal.org.objectweb.asm.ByteVector::putShort (52 bytes)

GC Heap History (4 events):
Event: 1.242 GC heap before
{Heap before GC invocations=0 (full 0):
 garbage-first heap   total 194560K, used 12288K [0x0000000742000000, 0x0000000800000000)
  region size 2048K, 6 young (12288K), 0 survivors (0K)
 Metaspace       used 1855K, committed 1984K, reserved 1114112K
  class space    used 145K, committed 192K, reserved 1048576K
}
Event: 1.247 GC heap after
{Heap after GC invocations=1 (full 0):
 garbage-first heap   total 194560K, used 7525K [0x0000000742000000, 0x0000000800000000)
  region size 2048K, 1 young (2048K), 1 survivors (2048K)
 Metaspace       used 1855K, committed 1984K, reserved 1114112K
  class space    used 145K, committed 192K, reserved 1048576K
}
Event: 1.570 GC heap before
{Heap before GC invocations=1 (full 0):
 garbage-first heap   total 194560K, used 13669K [0x0000000742000000, 0x0000000800000000)
  region size 2048K, 4 young (8192K), 1 survivors (2048K)
 Metaspace       used 4872K, committed 5056K, reserved 1114112K
  class space    used 528K, committed 640K, reserved 1048576K
}
Event: 1.572 GC heap after
{Heap after GC invocations=2 (full 0):
 garbage-first heap   total 194560K, used 7718K [0x0000000742000000, 0x0000000800000000)
  region size 2048K, 1 young (2048K), 1 survivors (2048K)
 Metaspace       used 4872K, committed 5056K, reserved 1114112K
  class space    used 528K, committed 640K, reserved 1048576K
}

Dll operation events (10 events):
Event: 0.012 Loaded shared library C:\Program Files\Java\jdk-21\bin\java.dll
Event: 0.083 Loaded shared library C:\Program Files\Java\jdk-21\bin\jsvml.dll
Event: 0.264 Loaded shared library C:\Program Files\Java\jdk-21\bin\zip.dll
Event: 0.269 Loaded shared library C:\Program Files\Java\jdk-21\bin\instrument.dll
Event: 0.400 Loaded shared library C:\Program Files\Java\jdk-21\bin\net.dll
Event: 0.407 Loaded shared library C:\Program Files\Java\jdk-21\bin\nio.dll
Event: 0.413 Loaded shared library C:\Program Files\Java\jdk-21\bin\zip.dll
Event: 0.638 Loaded shared library C:\Program Files\JetBrains\IntelliJ IDEA Community Edition 2023.3.1\bin\breakgen64.dll
Event: 1.014 Loaded shared library C:\Program Files\Java\jdk-21\bin\extnet.dll
Event: 1.163 Loaded shared library C:\Program Files\Java\jdk-21\bin\jimage.dll

Deoptimization events (20 events):
Event: 1.188 Thread 0x000001df40ce11f0 DEOPT PACKING pc=0x000001df4a981467 sp=0x0000009994efc0f0
Event: 1.188 Thread 0x000001df40ce11f0 DEOPT UNPACKING pc=0x000001df51e84e42 sp=0x0000009994efb560 mode 0
Event: 1.206 Thread 0x000001df40ce11f0 DEOPT PACKING pc=0x000001df4a966188 sp=0x0000009994efc3e0
Event: 1.206 Thread 0x000001df40ce11f0 DEOPT UNPACKING pc=0x000001df51e84e42 sp=0x0000009994efb870 mode 0
Event: 1.206 Thread 0x000001df40ce11f0 DEOPT PACKING pc=0x000001df4a981467 sp=0x0000009994efc0f0
Event: 1.206 Thread 0x000001df40ce11f0 DEOPT UNPACKING pc=0x000001df51e84e42 sp=0x0000009994efb560 mode 0
Event: 1.212 Thread 0x000001df40ce11f0 DEOPT PACKING pc=0x000001df4a981467 sp=0x0000009994efc160
Event: 1.212 Thread 0x000001df40ce11f0 DEOPT UNPACKING pc=0x000001df51e84e42 sp=0x0000009994efb5d0 mode 0
Event: 1.212 Thread 0x000001df40ce11f0 DEOPT PACKING pc=0x000001df4a966188 sp=0x0000009994efc3e0
Event: 1.212 Thread 0x000001df40ce11f0 DEOPT UNPACKING pc=0x000001df51e84e42 sp=0x0000009994efb870 mode 0
Event: 1.250 Thread 0x000001df40ce11f0 Uncommon trap: trap_request=0xffffff45 fr.pc=0x000001df523e13bc relative=0x0000000000000adc
Event: 1.250 Thread 0x000001df40ce11f0 Uncommon trap: reason=unstable_if action=reinterpret pc=0x000001df523e13bc method=java.util.HashMap.putVal(ILjava/lang/Object;Ljava/lang/Object;ZZ)Ljava/lang/Object; @ 181 c2
Event: 1.250 Thread 0x000001df40ce11f0 DEOPT PACKING pc=0x000001df523e13bc sp=0x0000009994efdcc0
Event: 1.250 Thread 0x000001df40ce11f0 DEOPT UNPACKING pc=0x000001df51e846a2 sp=0x0000009994efdc80 mode 2
Event: 1.485 Thread 0x000001df40ce11f0 DEOPT PACKING pc=0x000001df4a91054e sp=0x0000009994ef8860
Event: 1.485 Thread 0x000001df40ce11f0 DEOPT UNPACKING pc=0x000001df51e84e42 sp=0x0000009994ef7cd8 mode 0
Event: 1.573 Thread 0x000001df600977d0 Uncommon trap: trap_request=0xffffff45 fr.pc=0x000001df5240b114 relative=0x0000000000000174
Event: 1.573 Thread 0x000001df600977d0 Uncommon trap: reason=unstable_if action=reinterpret pc=0x000001df5240b114 method=java.util.concurrent.locks.ReentrantLock$NonfairSync.initialTryLock()Z @ 10 c2
Event: 1.573 Thread 0x000001df600977d0 DEOPT PACKING pc=0x000001df5240b114 sp=0x00000099956ff490
Event: 1.573 Thread 0x000001df600977d0 DEOPT UNPACKING pc=0x000001df51e846a2 sp=0x00000099956ff438 mode 2

Classes loaded (20 events):
Event: 1.609 Loading class jdk/internal/loader/AbstractClassLoaderValue$Sub
Event: 1.609 Loading class jdk/internal/loader/AbstractClassLoaderValue$Sub done
Event: 1.610 Loading class java/lang/reflect/Proxy$ProxyBuilder
Event: 1.610 Loading class java/lang/reflect/Proxy$ProxyBuilder done
Event: 1.610 Loading class java/lang/PublicMethods
Event: 1.610 Loading class java/lang/PublicMethods done
Event: 1.611 Loading class java/util/LinkedHashMap$LinkedValues
Event: 1.611 Loading class java/util/LinkedHashMap$LinkedValues done
Event: 1.611 Loading class java/util/LinkedHashMap$LinkedValueIterator
Event: 1.611 Loading class java/util/LinkedHashMap$LinkedValueIterator done
Event: 1.612 Loading class java/lang/WeakPairMap$Pair$Weak
Event: 1.612 Loading class java/lang/WeakPairMap$WeakRefPeer
Event: 1.612 Loading class java/lang/WeakPairMap$WeakRefPeer done
Event: 1.612 Loading class java/lang/WeakPairMap$Pair$Weak done
Event: 1.612 Loading class java/lang/WeakPairMap$Pair$Weak$1
Event: 1.612 Loading class java/lang/WeakPairMap$Pair$Weak$1 done
Event: 1.613 Loading class java/lang/reflect/Proxy$ProxyBuilder$ProxyClassContext
Event: 1.614 Loading class java/lang/reflect/Proxy$ProxyBuilder$ProxyClassContext done
Event: 1.614 Loading class java/lang/reflect/ProxyGenerator
Event: 1.614 Loading class java/lang/reflect/ProxyGenerator done

Classes unloaded (0 events):
No events

Classes redefined (0 events):
No events

Internal exceptions (16 events):
Event: 0.452 Thread 0x000001df40ce11f0 Exception <a 'java/lang/NoSuchMethodError'{0x000000074da738c8}: 'void java.lang.invoke.DirectMethodHandle$Holder.invokeStatic(java.lang.Object, java.lang.Object, java.lang.Object)'> (0x000000074da738c8) 
thrown [s\open\src\hotspot\share\interpreter\linkResolver.cpp, line 773]
Event: 0.631 Thread 0x000001df40ce11f0 Exception <a 'java/lang/NoSuchMethodError'{0x000000074da8b030}: 'java.lang.Object java.lang.invoke.Invokers$Holder.invokeExact_MT(java.lang.Object, java.lang.Object, java.lang.Object, java.lang.Object, java.lang.Object)'> (0x000000074da8b030) 
thrown [s\open\src\hotspot\share\interpreter\linkResolver.cpp, line 773]
Event: 1.017 Thread 0x000001df604282e0 Exception <a 'java/lang/NoSuchMethodError'{0x000000074d94f818}: 'void java.lang.invoke.DirectMethodHandle$Holder.invokeStatic(java.lang.Object, java.lang.Object)'> (0x000000074d94f818) 
thrown [s\open\src\hotspot\share\interpreter\linkResolver.cpp, line 773]
Event: 1.112 Thread 0x000001df40ce11f0 Exception <a 'java/lang/NoSuchMethodError'{0x000000074d7c11d8}: 'java.lang.Object java.lang.invoke.DirectMethodHandle$Holder.invokeStaticInit(java.lang.Object, int)'> (0x000000074d7c11d8) 
thrown [s\open\src\hotspot\share\interpreter\linkResolver.cpp, line 773]
Event: 1.126 Thread 0x000001df40ce11f0 Exception <a 'java/lang/NoSuchMethodError'{0x000000074d7edb90}: 'long java.lang.invoke.DirectMethodHandle$Holder.invokeSpecial(java.lang.Object, java.lang.Object)'> (0x000000074d7edb90) 
thrown [s\open\src\hotspot\share\interpreter\linkResolver.cpp, line 773]
Event: 1.126 Thread 0x000001df40ce11f0 Exception <a 'java/lang/NoSuchMethodError'{0x000000074d7f10c0}: 'long java.lang.invoke.Invokers$Holder.invokeExact_MT(java.lang.Object, java.lang.Object)'> (0x000000074d7f10c0) 
thrown [s\open\src\hotspot\share\interpreter\linkResolver.cpp, line 773]
Event: 1.137 Thread 0x000001df40ce11f0 Exception <a 'java/lang/NoSuchMethodError'{0x000000074d408108}: 'java.lang.Object java.lang.invoke.DirectMethodHandle$Holder.invokeInterface(java.lang.Object, java.lang.Object)'> (0x000000074d408108) 
thrown [s\open\src\hotspot\share\interpreter\linkResolver.cpp, line 773]
Event: 1.248 Thread 0x000001df40ce11f0 Exception <a 'java/lang/NoSuchMethodError'{0x000000074dc04628}: 'java.lang.Object java.lang.invoke.DirectMethodHandle$Holder.invokeStaticInit(java.lang.Object, java.lang.Object, java.lang.Object)'> (0x000000074dc04628) 
thrown [s\open\src\hotspot\share\interpreter\linkResolver.cpp, line 773]
Event: 1.249 Thread 0x000001df40ce11f0 Exception <a 'java/lang/NoSuchMethodError'{0x000000074dc0b598}: 'void java.lang.invoke.DirectMethodHandle$Holder.invokeStaticInit(java.lang.Object, java.lang.Object, java.lang.Object)'> (0x000000074dc0b598) 
thrown [s\open\src\hotspot\share\interpreter\linkResolver.cpp, line 773]
Event: 1.339 Thread 0x000001df40ce11f0 Exception <a 'java/lang/ClassNotFoundException'{0x000000074dde6e68}: javax/smartcardio/CardPermission> (0x000000074dde6e68) 
thrown [s\open\src\hotspot\share\classfile\systemDictionary.cpp, line 312]
Event: 1.344 Thread 0x000001df40ce11f0 Exception <a 'java/io/FileNotFoundException'{0x000000074ddf56e0}> (0x000000074ddf56e0) 
thrown [s\open\src\hotspot\share\prims\jni.cpp, line 520]
Event: 1.383 Thread 0x000001df40ce11f0 Exception <a 'java/lang/NoSuchMethodError'{0x000000074da8a530}: 'java.lang.Object java.lang.invoke.DirectMethodHandle$Holder.invokeSpecial(java.lang.Object, java.lang.Object, java.lang.Object, long, java.lang.Object)'> (0x000000074da8a530) 
thrown [s\open\src\hotspot\share\interpreter\linkResolver.cpp, line 773]
Event: 1.384 Thread 0x000001df40ce11f0 Exception <a 'java/lang/NoSuchMethodError'{0x000000074da8de80}: 'java.lang.Object java.lang.invoke.Invokers$Holder.linkToTargetMethod(java.lang.Object, long, java.lang.Object, java.lang.Object)'> (0x000000074da8de80) 
thrown [s\open\src\hotspot\share\interpreter\linkResolver.cpp, line 773]
Event: 1.530 Thread 0x000001df40ce11f0 Exception <a 'java/lang/NoSuchMethodError'{0x000000074d8fb738}: 'void java.lang.invoke.DirectMethodHandle$Holder.invokeSpecialIFC(java.lang.Object, java.lang.Object, java.lang.Object, java.lang.Object, java.lang.Object)'> (0x000000074d8fb738) 
thrown [s\open\src\hotspot\share\interpreter\linkResolver.cpp, line 773]
Event: 1.531 Thread 0x000001df40ce11f0 Exception <a 'java/lang/NoSuchMethodError'{0x000000074d902b20}: 'void java.lang.invoke.DirectMethodHandle$Holder.invokeStatic(java.lang.Object, java.lang.Object, java.lang.Object, java.lang.Object)'> (0x000000074d902b20) 
thrown [s\open\src\hotspot\share\interpreter\linkResolver.cpp, line 773]
Event: 1.533 Thread 0x000001df40ce11f0 Exception <a 'java/lang/NoSuchMethodError'{0x000000074d90c6f0}: 'int java.lang.invoke.DirectMethodHandle$Holder.invokeSpecial(java.lang.Object, java.lang.Object, java.lang.Object)'> (0x000000074d90c6f0) 
thrown [s\open\src\hotspot\share\interpreter\linkResolver.cpp, line 773]

ZGC Phase Switch (0 events):
No events

VM Operations (18 events):
Event: 0.242 Executing VM operation: HandshakeAllThreads (Deoptimize)
Event: 0.242 Executing VM operation: HandshakeAllThreads (Deoptimize) done
Event: 1.108 Executing VM operation: HandshakeAllThreads (Deoptimize)
Event: 1.108 Executing VM operation: HandshakeAllThreads (Deoptimize) done
Event: 1.108 Executing VM operation: Cleanup
Event: 1.108 Executing VM operation: Cleanup done
Event: 1.122 Executing VM operation: HandshakeAllThreads (Deoptimize)
Event: 1.122 Executing VM operation: HandshakeAllThreads (Deoptimize) done
Event: 1.242 Executing VM operation: G1CollectForAllocation (G1 Evacuation Pause)
Event: 1.247 Executing VM operation: G1CollectForAllocation (G1 Evacuation Pause) done
Event: 1.269 Executing VM operation: HandshakeAllThreads (Deoptimize)
Event: 1.269 Executing VM operation: HandshakeAllThreads (Deoptimize) done
Event: 1.276 Executing VM operation: HandshakeAllThreads (Deoptimize)
Event: 1.276 Executing VM operation: HandshakeAllThreads (Deoptimize) done
Event: 1.349 Executing VM operation: HandshakeAllThreads (Deoptimize)
Event: 1.349 Executing VM operation: HandshakeAllThreads (Deoptimize) done
Event: 1.570 Executing VM operation: G1CollectForAllocation (G1 Evacuation Pause)
Event: 1.572 Executing VM operation: G1CollectForAllocation (G1 Evacuation Pause) done

Events (13 events):
Event: 0.039 Thread 0x000001df40ce11f0 Thread added: 0x000001df40ce11f0
Event: 0.079 Thread 0x000001df600977d0 Thread added: 0x000001df600977d0
Event: 0.079 Thread 0x000001df6009a600 Thread added: 0x000001df6009a600
Event: 0.079 Thread 0x000001df6009c3d0 Thread added: 0x000001df6009c3d0
Event: 0.079 Thread 0x000001df6009ee40 Thread added: 0x000001df6009ee40
Event: 0.080 Thread 0x000001df6009f8a0 Thread added: 0x000001df6009f8a0
Event: 0.080 Thread 0x000001df600a0300 Thread added: 0x000001df600a0300
Event: 0.080 Thread 0x000001df600a1090 Thread added: 0x000001df600a1090
Event: 0.080 Thread 0x000001df600a42e0 Thread added: 0x000001df600a42e0
Event: 0.233 Thread 0x000001df603afa50 Thread added: 0x000001df603afa50
Event: 0.639 Thread 0x000001df604282e0 Thread added: 0x000001df604282e0
Event: 0.639 Thread 0x000001df60428950 Thread added: 0x000001df60428950
Event: 1.303 Thread 0x000001df60a78550 Thread added: 0x000001df60a78550


Dynamic libraries:
0x00007ff721350000 - 0x00007ff721360000 	C:\Program Files\Java\jdk-21\bin\java.exe
0x00007ff90a730000 - 0x00007ff90a928000 	C:\Windows\SYSTEM32\ntdll.dll
0x00007ff9091a0000 - 0x00007ff909261000 	C:\Windows\System32\KERNEL32.DLL
0x00007ff907f30000 - 0x00007ff908226000 	C:\Windows\System32\KERNELBASE.dll
0x00007ff9082a0000 - 0x00007ff9083a0000 	C:\Windows\System32\ucrtbase.dll
0x00007ff89a580000 - 0x00007ff89a599000 	C:\Program Files\Java\jdk-21\bin\jli.dll
0x00007ff9089b0000 - 0x00007ff908a60000 	C:\Windows\System32\ADVAPI32.dll
0x00007ff90a230000 - 0x00007ff90a2ce000 	C:\Windows\System32\msvcrt.dll
0x00007ff90a620000 - 0x00007ff90a6c0000 	C:\Windows\System32\sechost.dll
0x00007ff909030000 - 0x00007ff909153000 	C:\Windows\System32\RPCRT4.dll
0x00007ff907f00000 - 0x00007ff907f27000 	C:\Windows\System32\bcrypt.dll
0x00007ff908a60000 - 0x00007ff908bff000 	C:\Windows\System32\USER32.dll
0x00007ff9083a0000 - 0x00007ff9083c2000 	C:\Windows\System32\win32u.dll
0x00007ff909160000 - 0x00007ff90918b000 	C:\Windows\System32\GDI32.dll
0x00007ff907de0000 - 0x00007ff907ef7000 	C:\Windows\System32\gdi32full.dll
0x00007ff9086c0000 - 0x00007ff90875d000 	C:\Windows\System32\msvcp_win.dll
0x00007ff8f0670000 - 0x00007ff8f090a000 	C:\Windows\WinSxS\amd64_microsoft.windows.common-controls_6595b64144ccf1df_6.0.19041.4355_none_60b8b9eb71f62e16\COMCTL32.dll
0x00007ff900e00000 - 0x00007ff900e0a000 	C:\Windows\SYSTEM32\VERSION.dll
0x00007ff89a560000 - 0x00007ff89a57b000 	C:\Program Files\Java\jdk-21\bin\VCRUNTIME140.dll
0x00007ff90a6c0000 - 0x00007ff90a6ef000 	C:\Windows\System32\IMM32.DLL
0x00007ff9039b0000 - 0x00007ff9039bc000 	C:\Program Files\Java\jdk-21\bin\vcruntime140_1.dll
0x00007ff89a4d0000 - 0x00007ff89a55e000 	C:\Program Files\Java\jdk-21\bin\msvcp140.dll
0x00007ff83f340000 - 0x00007ff840055000 	C:\Program Files\Java\jdk-21\bin\server\jvm.dll
0x00007ff90a1c0000 - 0x00007ff90a22b000 	C:\Windows\System32\WS2_32.dll
0x00007ff907360000 - 0x00007ff9073ab000 	C:\Windows\SYSTEM32\POWRPROF.dll
0x00007ff8ee920000 - 0x00007ff8ee947000 	C:\Windows\SYSTEM32\WINMM.dll
0x00007ff9071d0000 - 0x00007ff9071e2000 	C:\Windows\SYSTEM32\UMPDC.dll
0x00007ff906540000 - 0x00007ff906552000 	C:\Windows\SYSTEM32\kernel.appcore.dll
0x00007ff8b1f90000 - 0x00007ff8b1f9a000 	C:\Program Files\Java\jdk-21\bin\jimage.dll
0x00007ff905970000 - 0x00007ff905b54000 	C:\Windows\SYSTEM32\DBGHELP.DLL
0x00007ff8fb450000 - 0x00007ff8fb484000 	C:\Windows\SYSTEM32\dbgcore.DLL
0x00007ff908580000 - 0x00007ff908602000 	C:\Windows\System32\bcryptPrimitives.dll
0x00007ff9042e0000 - 0x00007ff9042ef000 	C:\Program Files\Java\jdk-21\bin\instrument.dll
0x00007ff89a4b0000 - 0x00007ff89a4cf000 	C:\Program Files\Java\jdk-21\bin\java.dll
0x00007ff909270000 - 0x00007ff9099dc000 	C:\Windows\System32\SHELL32.dll
0x00007ff905b60000 - 0x00007ff9062fe000 	C:\Windows\SYSTEM32\windows.storage.dll
0x00007ff9099e0000 - 0x00007ff909d33000 	C:\Windows\System32\combase.dll
0x00007ff907800000 - 0x00007ff90782e000 	C:\Windows\SYSTEM32\Wldp.dll
0x00007ff908d30000 - 0x00007ff908dfd000 	C:\Windows\System32\OLEAUT32.dll
0x00007ff908ea0000 - 0x00007ff908f4d000 	C:\Windows\System32\SHCORE.dll
0x00007ff90a4e0000 - 0x00007ff90a535000 	C:\Windows\System32\shlwapi.dll
0x00007ff907d10000 - 0x00007ff907d34000 	C:\Windows\SYSTEM32\profapi.dll
0x00007ff89a3d0000 - 0x00007ff89a4a7000 	C:\Program Files\Java\jdk-21\bin\jsvml.dll
0x00007ff89a150000 - 0x00007ff89a168000 	C:\Program Files\Java\jdk-21\bin\zip.dll
0x00007ff89a3c0000 - 0x00007ff89a3d0000 	C:\Program Files\Java\jdk-21\bin\net.dll
0x00007ff8ff470000 - 0x00007ff8ff57a000 	C:\Windows\SYSTEM32\WINHTTP.dll
0x00007ff907560000 - 0x00007ff9075ca000 	C:\Windows\system32\mswsock.dll
0x00007ff89a170000 - 0x00007ff89a186000 	C:\Program Files\Java\jdk-21\bin\nio.dll
0x00007ff903ab0000 - 0x00007ff903aca000 	C:\Program Files\JetBrains\IntelliJ IDEA Community Edition 2023.3.1\bin\breakgen64.dll
0x00007ff89a140000 - 0x00007ff89a147000 	C:\Program Files\Java\jdk-21\bin\extnet.dll

dbghelp: loaded successfully - version: 4.0.5 - missing functions: none
symbol engine: initialized successfully - sym options: 0x614 - pdb path: .;C:\Program Files\Java\jdk-21\bin;C:\Windows\SYSTEM32;C:\Windows\WinSxS\amd64_microsoft.windows.common-controls_6595b64144ccf1df_6.0.19041.4355_none_60b8b9eb71f62e16;C:\Program Files\Java\jdk-21\bin\server;C:\Program Files\JetBrains\IntelliJ IDEA Community Edition 2023.3.1\bin

VM Arguments:
jvm_args: -ea -Didea.test.cyclic.buffer.size=1048576 -javaagent:C:\Program Files\JetBrains\IntelliJ IDEA Community Edition 2023.3.1\lib\idea_rt.jar=64338:C:\Program Files\JetBrains\IntelliJ IDEA Community Edition 2023.3.1\bin -Dfile.encoding=UTF-8 -Dsun.stdout.encoding=UTF-8 -Dsun.stderr.encoding=UTF-8 
java_command: com.intellij.rt.junit.JUnitStarter -ideVersion5 -junit5 com.orders.cabinet.controller.user.LoginControllerTest,logoutTestPositive
java_class_path (initial): C:\Users\oleksii.vasylenko\.m2\repository\org\junit\platform\junit-platform-launcher\1.10.2\junit-platform-launcher-1.10.2.jar;C:\Program Files\JetBrains\IntelliJ IDEA Community Edition 2023.3.1\lib\idea_rt.jar;C:\Program Files\JetBrains\IntelliJ IDEA Community Edition 2023.3.1\plugins\junit\lib\junit5-rt.jar;C:\Program Files\JetBrains\IntelliJ IDEA Community Edition 2023.3.1\plugins\junit\lib\junit-rt.jar;C:\cabinet\cabinet\target\test-classes;C:\cabinet\cabinet\target\classes;C:\Users\oleksii.vasylenko\.m2\repository\org\springframework\boot\spring-boot-starter-data-jpa\3.3.1\spring-boot-starter-data-jpa-3.3.1.jar;C:\Users\oleksii.vasylenko\.m2\repository\org\springframework\boot\spring-boot-starter-jdbc\3.3.1\spring-boot-starter-jdbc-3.3.1.jar;C:\Users\oleksii.vasylenko\.m2\repository\com\zaxxer\HikariCP\5.1.0\HikariCP-5.1.0.jar;C:\Users\oleksii.vasylenko\.m2\repository\org\springframework\spring-jdbc\6.1.10\spring-jdbc-6.1.10.jar;C:\Users\oleksii.vasylenko\.m2\repository\org\hibernate\orm\hibernate-core\6.5.2.Final\hibernate-core-6.5.2.Final.jar;C:\Users\oleksii.vasylenko\.m2\repository\jakarta\persistence\jakarta.persistence-api\3.1.0\jakarta.persistence-api-3.1.0.jar;C:\Users\oleksii.vasylenko\.m2\repository\jakarta\transaction\jakarta.transaction-api\2.0.1\jakarta.transaction-api-2.0.1.jar;C:\Users\oleksii.vasylenko\.m2\repository\org\hibernate\common\hibernate-commons-annotations\6.0.6.Final\hibernate-commons-annotations-6.0.6.Final.jar;C:\Users\oleksii.vasylenko\.m2\repository\io\smallrye\jandex\3.1.2\jandex-3.1.2.jar;C:\Users\oleksii.vasylenko\.m2\repository\net\bytebuddy\byte-buddy\1.14.17\byte-buddy-1.14.17.jar;C:\Users\oleksii.vasylenko\.m2\repository\org\glassfish\jaxb\jaxb-runtime\4.0.5\jaxb-runtime-4.0.5.jar;C:\Users\oleksii.vasylenko\.m2\repository\org\glassfish\jaxb\jaxb-core\4.0.5\jaxb-core-4.0.5.jar;C:\Users\oleksii.vasylenko\.m2\repository\org\eclipse\angus\angus-activation\2.0.2\angus-activation-2.0.2.jar;C:\Users\oleksii.vasylenko\.m2\repository\org\glassfish\jaxb\txw2\4.0.5\txw2-4.0.5.jar;C:\Users\oleksii.vasylenko\.m2\repository\com\sun\istack\istack-commons-runtime\4.1.2\istack-commons-runtime-4.1.2.jar;C:\Users\oleksii.vasylenko\.m2\repository\jakarta\inject\jakarta.inject-api\2.0.1\jakarta.inject-api-2.0.1.jar;C:\Users\oleksii.vasylenko\.m2\repository\org\antlr\antlr4-runtime\4.13.0\antlr4-runtime-4.13.0.jar;C:\Users\oleksii.vasylenko\.m2\repository\org\springframework\data\spring-data-jpa\3.3.1\spring-data-jpa-3.3.1.jar;C:\Users\oleksii.vasylenko\.m2\repository\org\springframework\data\spring-data-commons\3.3.1\spring-data-commons-3.3.1.jar;C:\Users\oleksii.vasylenko\.m2\repository\org\springframework\spring-orm\6.1.10\spring-orm-6.1.10.jar;C:\Users\oleksii.vasylenko\.m2\repository\org\springframework\spring-context\6.1.10\spring-context-6.1.10.jar;C:\Users\oleksii.vasylenko\.m2\repository\org\springframework\spring-tx\6.1.10\spring-tx-6.1.10.jar;C:\Users\oleksii.vasylenko\.m2\repository\org\springframework\spring-beans\6.1.10\spring-beans-6.1.10.jar;C:\Users\oleksii.vasylenko\.m2\repository\jakarta\annotation\jakarta.annotation-api\2.1.1\jakarta.annotation-api-2.1.1.jar;C:\Users\oleksii.vasylenko\.m2\repository\org\springframework\spring-aspects\6.1.10\spring-aspects-6.1.10.jar;C:\Users\oleksii.vasylenko\.m2\repository\org\springframework\boot\spring-boot-starter-web\3.3.1\spring-boot-starter-web-3.3.1.jar;C:\Users\oleksii.vasylenko\.m2\repository\org\springframework\boot\spring-boot-starter\3.3.1\spring-boot-starter-3.3.1.jar;C:\Users\oleksii.vasylenko\.m2\repository\org\springframework\boot\spring-boot\3.3.1\spring-boot-3.3.1.jar;C:\Users\oleksii.vasylenko\.m2\repository\org\springframework\boot\spring-boot-autoconfigure\3.3.1\spring-boot-autoconfigure-3.3.1.jar;C:\Users\oleksii.vasylenko\.m2\repository\org\springframework\boot\spring-boot-starter-logging\3.3.1\spring-boot-starter-logging-3.3.1.jar;C:\Users\oleksii.vasylenko\.m2\repository\org\apache\logging\log4j\log4j-to-slf4j\2.23.1\log4j-to-slf4j-2.23.1.jar;C:\Users\oleksii.vasylenko\.m2\repository\org\apache\logging\log4j\log4j-api\2.23.1\log4j-api-2.23.1.jar;C:\Users\oleksii.vasylenko\.m2\repository\org\slf4j\jul-to-slf4j\2.0.13\jul-to-slf4j-2.0.13.jar;C:\Users\oleksii.vasylenko\.m2\repository\org\springframework\boot\spring-boot-starter-json\3.3.1\spring-boot-starter-json-3.3.1.jar;C:\Users\oleksii.vasylenko\.m2\repository\com\fasterxml\jackson\core\jackson-databind\2.17.1\jackson-databind-2.17.1.jar;C:\Users\oleksii.vasylenko\.m2\repository\com\fasterxml\jackson\core\jackson-annotations\2.17.1\jackson-annotations-2.17.1.jar;C:\Users\oleksii.vasylenko\.m2\repository\com\fasterxml\jackson\core\jackson-core\2.17.1\jackson-core-2.17.1.jar;C:\Users\oleksii.vasylenko\.m2\repository\com\fasterxml\jackson\datatype\jackson-datatype-jdk8\2.17.1\jackson-datatype-jdk8-2.17.1.jar;C:\Users\oleksii.vasylenko\.m2\repository\com\fasterxml\jackson\datatype\jackson-datatype-jsr310\2.17.1\jackson-datatype-jsr310-2.17.1.jar;C:\Users\oleksii.vasylenko\.m2\repository\com\fasterxml\jackson\module\jackson-module-parameter-names\2.17.1\jackson-module-parameter-names-2.17.1.jar;C:\Users\oleksii.vasylenko\.m2\repository\org\springframework\boot\spring-boot-starter-tomcat\3.3.1\spring-boot-starter-tomcat-3.3.1.jar;C:\Users\oleksii.vasylenko\.m2\repository\org\apache\tomcat\embed\tomcat-embed-core\10.1.25\tomcat-embed-core-10.1.25.jar;C:\Users\oleksii.vasylenko\.m2\repository\org\apache\tomcat\embed\tomcat-embed-websocket\10.1.25\tomcat-embed-websocket-10.1.25.jar;C:\Users\oleksii.vasylenko\.m2\repository\org\springframework\spring-web\6.1.10\spring-web-6.1.10.jar;C:\Users\oleksii.vasylenko\.m2\repository\org\springframework\spring-webmvc\6.1.10\spring-webmvc-6.1.10.jar;C:\Users\oleksii.vasylenko\.m2\repository\org\springframework\spring-expression\6.1.10\spring-expression-6.1.10.jar;C:\Users\oleksii.vasylenko\.m2\repository\org\projectlombok\lombok\1.18.32\lombok-1.18.32.jar;C:\Users\oleksii.vasylenko\.m2\repository\org\springframework\boot\spring-boot-starter-test\3.3.1\spring-boot-starter-test-3.3.1.jar;C:\Users\oleksii.vasylenko\.m2\repository\org\springframework\boot\spring-boot-test\3.3.1\spring-boot-test-3.3.1.jar;C:\Users\oleksii.vasylenko\.m2\repository\org\springframework\boot\spring-boot-test-autoconfigure\3.3.1\spring-boot-test-autoconfigure-3.3.1.jar;C:\Users\oleksii.vasylenko\.m2\repository\com\jayway\jsonpath\json-path\2.9.0\json-path-2.9.0.jar;C:\Users\oleksii.vasylenko\.m2\repository\jakarta\xml\bind\jakarta.xml.bind-api\4.0.2\jakarta.xml.bind-api-4.0.2.jar;C:\Users\oleksii.vasylenko\.m2\repository\jakarta\activation\jakarta.activation-api\2.1.3\jakarta.activation-api-2.1.3.jar;C:\Users\oleksii.vasylenko\.m2\repository\net\minidev\json-smart\2.5.1\json-smart-2.5.1.jar;C:\Users\oleksii.vasylenko\.m2\repository\net\minidev\accessors-smart\2.5.1\accessors-smart-2.5.1.jar;C:\Users\oleksii.vasylenko\.m2\repository\org\ow2\asm\asm\9.6\asm-9.6.jar;C:\Users\oleksii.vasylenko\.m2\repository\org\assertj\assertj-core\3.25.3\assertj-core-3.25.3.jar;C:\Users\oleksii.vasylenko\.m2\repository\org\awaitility\awaitility\4.2.1\awaitility-4.2.1.jar;C:\Users\oleksii.vasylenko\.m2\repository\org\hamcrest\hamcrest\2.2\hamcrest-2.2.jar;C:\Users\oleksii.vasylenko\.m2\repository\org\junit\jupiter\junit-jupiter\5.10.2\junit-jupiter-5.10.2.jar;C:\Users\oleksii.vasylenko\.m2\repository\org\junit\jupiter\junit-jupiter-api\5.10.2\junit-jupiter-api-5.10.2.jar;C:\Users\oleksii.vasylenko\.m2\repository\org\opentest4j\opentest4j\1.3.0\opentest4j-1.3.0.jar;C:\Users\oleksii.vasylenko\.m2\repository\org\junit\platform\junit-platform-commons\1.10.2\junit-platform-commons-1.10.2.jar;C:\Users\oleksii.vasylenko\.m2\repository\org\apiguardian\apiguardian-api\1.1.2\apiguardian-api-1.1.2.jar;C:\Users\oleksii.vasylenko\.m2\repository\org\junit\jupiter\junit-jupiter-params\5.10.2\junit-jupiter-params-5.10.2.jar;C:\Users\oleksii.vasylenko\.m2\repository\org\junit\jupiter\junit-jupiter-engine\5.10.2\junit-jupiter-engine-5.10.2.jar;C:\Users\oleksii.vasylenko\.m2\repository\org\junit\platform\junit-platform-engine\1.10.2\junit-platform-engine-1.10.2.jar;C:\Users\oleksii.vasylenko\.m2\repository\org\mockito\mockito-core\5.11.0\mockito-core-5.11.0.jar;C:\Users\oleksii.vasylenko\.m2\repository\net\bytebuddy\byte-buddy-agent\1.14.17\byte-buddy-agent-1.14.17.jar;C:\Users\oleksii.vasylenko\.m2\repository\org\objenesis\objenesis\3.3\objenesis-3.3.jar;C:\Users\oleksii.vasylenko\.m2\repository\org\mockito\mockito-junit-jupiter\5.11.0\mockito-junit-jupiter-5.11.0.jar;C:\Users\oleksii.vasylenko\.m2\repository\org\skyscreamer\jsonassert\1.5.1\jsonassert-1.5.1.jar;C:\Users\oleksii.vasylenko\.m2\repository\com\vaadin\external\google\android-json\0.0.20131108.vaadin1\android-json-0.0.20131108.vaadin1.jar;C:\Users\oleksii.vasylenko\.m2\repository\org\springframework\spring-core\6.1.10\spring-core-6.1.10.jar;C:\Users\oleksii.vasylenko\.m2\repository\org\springframework\spring-jcl\6.1.10\spring-jcl-6.1.10.jar;C:\Users\oleksii.vasylenko\.m2\repository\org\springframework\spring-test\6.1.10\spring-test-6.1.10.jar;C:\Users\oleksii.vasylenko\.m2\repository\org\xmlunit\xmlunit-core\2.9.1\xmlunit-core-2.9.1.jar;C:\Users\oleksii.vasylenko\.m2\repository\org\springframework\security\spring-security-test\6.3.1\spring-security-test-6.3.1.jar;C:\Users\oleksii.vasylenko\.m2\repository\org\springframework\security\spring-security-core\6.3.1\spring-security-core-6.3.1.jar;C:\Users\oleksii.vasylenko\.m2\repository\org\springframework\security\spring-security-crypto\6.3.1\spring-security-crypto-6.3.1.jar;C:\Users\oleksii.vasylenko\.m2\repository\org\springframework\security\spring-security-web\6.3.1\spring-security-web-6.3.1.jar;C:\Users\oleksii.vasylenko\.m2\repository\org\springframework\boot\spring-boot-starter-security\3.3.1\spring-boot-starter-security-3.3.1.jar;C:\Users\oleksii.vasylenko\.m2\repository\org\springframework\spring-aop\6.1.10\spring-aop-6.1.10.jar;C:\Users\oleksii.vasylenko\.m2\repository\org\springframework\security\spring-security-config\6.3.1\spring-security-config-6.3.1.jar;C:\Users\oleksii.vasylenko\.m2\repository\org\springframework\boot\spring-boot-starter-aop\3.3.1\spring-boot-starter-aop-3.3.1.jar;C:\Users\oleksii.vasylenko\.m2\repository\org\aspectj\aspectjweaver\1.9.22\aspectjweaver-1.9.22.jar;C:\Users\oleksii.vasylenko\.m2\repository\org\springframework\boot\spring-boot-starter-actuator\3.3.1\spring-boot-starter-actuator-3.3.1.jar;C:\Users\oleksii.vasylenko\.m2\repository\org\springframework\boot\spring-boot-actuator-autoconfigure\3.3.1\spring-boot-actuator-autoconfigure-3.3.1.jar;C:\Users\oleksii.vasylenko\.m2\repository\org\springframework\boot\spring-boot-actuator\3.3.1\spring-boot-actuator-3.3.1.jar;C:\Users\oleksii.vasylenko\.m2\repository\io\micrometer\micrometer-observation\1.13.1\micrometer-observation-1.13.1.jar;C:\Users\oleksii.vasylenko\.m2\repository\io\micrometer\micrometer-commons\1.13.1\micrometer-commons-1.13.1.jar;C:\Users\oleksii.vasylenko\.m2\repository\io\micrometer\micrometer-jakarta9\1.13.1\micrometer-jakarta9-1.13.1.jar;C:\Users\oleksii.vasylenko\.m2\repository\io\micrometer\micrometer-core\1.13.1\micrometer-core-1.13.1.jar;C:\Users\oleksii.vasylenko\.m2\repository\org\hdrhistogram\HdrHistogram\2.2.2\HdrHistogram-2.2.2.jar;C:\Users\oleksii.vasylenko\.m2\repository\org\latencyutils\LatencyUtils\2.0.3\LatencyUtils-2.0.3.jar;C:\Users\oleksii.vasylenko\.m2\repository\org\springframework\boot\spring-boot-starter-validation\3.3.1\spring-boot-starter-validation-3.3.1.jar;C:\Users\oleksii.vasylenko\.m2\repository\org\apache\tomcat\embed\tomcat-embed-el\10.1.25\tomcat-embed-el-10.1.25.jar;C:\Users\oleksii.vasylenko\.m2\repository\org\hibernate\validator\hibernate-validator\8.0.1.Final\hibernate-validator-8.0.1.Final.jar;C:\Users\oleksii.vasylenko\.m2\repository\jakarta\validation\jakarta.validation-api\3.0.2\jakarta.validation-api-3.0.2.jar;C:\Users\oleksii.vasylenko\.m2\repository\org\jboss\logging\jboss-logging\3.5.3.Final\jboss-logging-3.5.3.Final.jar;C:\Users\oleksii.vasylenko\.m2\repository\com\fasterxml\classmate\1.7.0\classmate-1.7.0.jar;C:\Users\oleksii.vasylenko\.m2\repository\org\mapstruct\mapstruct\1.5.5.Final\mapstruct-1.5.5.Final.jar;C:\Users\oleksii.vasylenko\.m2\repository\org\mapstruct\mapstruct-processor\1.5.5.Final\mapstruct-processor-1.5.5.Final.jar;C:\Users\oleksii.vasylenko\.m2\repository\org\postgresql\postgresql\42.7.3\postgresql-42.7.3.jar;C:\Users\oleksii.vasylenko\.m2\repository\org\checkerframework\checker-qual\3.42.0\checker-qual-3.42.0.jar;C:\Users\oleksii.vasylenko\.m2\repository\org\springdoc\springdoc-openapi-starter-webmvc-ui\2.2.0\springdoc-openapi-starter-webmvc-ui-2.2.0.jar;C:\Users\oleksii.vasylenko\.m2\repository\org\springdoc\springdoc-openapi-starter-webmvc-api\2.2.0\springdoc-openapi-starter-webmvc-api-2.2.0.jar;C:\Users\oleksii.vasylenko\.m2\repository\org\springdoc\springdoc-openapi-starter-common\2.2.0\springdoc-openapi-starter-common-2.2.0.jar;C:\Users\oleksii.vasylenko\.m2\repository\io\swagger\core\v3\swagger-core-jakarta\2.2.15\swagger-core-jakarta-2.2.15.jar;C:\Users\oleksii.vasylenko\.m2\repository\io\swagger\core\v3\swagger-annotations-jakarta\2.2.15\swagger-annotations-jakarta-2.2.15.jar;C:\Users\oleksii.vasylenko\.m2\repository\io\swagger\core\v3\swagger-models-jakarta\2.2.15\swagger-models-jakarta-2.2.15.jar;C:\Users\oleksii.vasylenko\.m2\repository\com\fasterxml\jackson\dataformat\jackson-dataformat-yaml\2.17.1\jackson-dataformat-yaml-2.17.1.jar;C:\Users\oleksii.vasylenko\.m2\repository\org\webjars\swagger-ui\5.2.0\swagger-ui-5.2.0.jar;C:\Users\oleksii.vasylenko\.m2\repository\org\slf4j\slf4j-api\2.0.13\slf4j-api-2.0.13.jar;C:\Users\oleksii.vasylenko\.m2\repository\ch\qos\logback\logback-classic\1.5.6\logback-classic-1.5.6.jar;C:\Users\oleksii.vasylenko\.m2\repository\ch\qos\logback\logback-core\1.5.6\logback-core-1.5.6.jar;C:\Users\oleksii.vasylenko\.m2\repository\org\liquibase\liquibase-core\4.27.0\liquibase-core-4.27.0.jar;C:\Users\oleksii.vasylenko\.m2\repository\com\opencsv\opencsv\5.9\opencsv-5.9.jar;C:\Users\oleksii.vasylenko\.m2\repository\org\apache\commons\commons-text\1.11.0\commons-text-1.11.0.jar;C:\Users\oleksii.vasylenko\.m2\repository\org\apache\commons\commons-collections4\4.4\commons-collections4-4.4.jar;C:\Users\oleksii.vasylenko\.m2\repository\org\yaml\snakeyaml\2.2\snakeyaml-2.2.jar;C:\Users\oleksii.vasylenko\.m2\repository\javax\xml\bind\jaxb-api\2.3.1\jaxb-api-2.3.1.jar;C:\Users\oleksii.vasylenko\.m2\repository\org\apache\commons\commons-lang3\3.14.0\commons-lang3-3.14.0.jar
Launcher Type: SUN_STANDARD

[Global flags]
     intx CICompilerCount                          = 3                                         {product} {ergonomic}
     uint ConcGCThreads                            = 1                                         {product} {ergonomic}
     uint G1ConcRefinementThreads                  = 4                                         {product} {ergonomic}
   size_t G1HeapRegionSize                         = 2097152                                   {product} {ergonomic}
    uintx GCDrainStackTargetSize                   = 64                                        {product} {ergonomic}
   size_t InitialHeapSize                          = 199229440                                 {product} {ergonomic}
   size_t MarkStackSize                            = 4194304                                   {product} {ergonomic}
   size_t MaxHeapSize                              = 3187671040                                {product} {ergonomic}
   size_t MaxNewSize                               = 1912602624                                {product} {ergonomic}
   size_t MinHeapDeltaBytes                        = 2097152                                   {product} {ergonomic}
   size_t MinHeapSize                              = 8388608                                   {product} {ergonomic}
    uintx NonNMethodCodeHeapSize                   = 5832780                                {pd product} {ergonomic}
    uintx NonProfiledCodeHeapSize                  = 122912730                              {pd product} {ergonomic}
    uintx ProfiledCodeHeapSize                     = 122912730                              {pd product} {ergonomic}
    uintx ReservedCodeCacheSize                    = 251658240                              {pd product} {ergonomic}
     bool SegmentedCodeCache                       = true                                      {product} {ergonomic}
   size_t SoftMaxHeapSize                          = 3187671040                             {manageable} {ergonomic}
     bool UseCompressedOops                        = true                           {product lp64_product} {ergonomic}
     bool UseG1GC                                  = true                                      {product} {ergonomic}
     bool UseLargePagesIndividualAllocation        = false                                  {pd product} {ergonomic}

Logging:
Log output configuration:
 #0: stdout all=warning uptime,level,tags foldmultilines=false
 #1: stderr all=off uptime,level,tags foldmultilines=false

Environment Variables:
PATH=C:\Program Files\Common Files\Oracle\Java\javapath;C:\Windows\system32;C:\Windows;C:\Windows\System32\Wbem;C:\Windows\System32\WindowsPowerShell\v1.0\;C:\Windows\System32\OpenSSH\;C:\Program Files\nodejs\;C:\Users\oleksii.vasylenko\OneDrive - Proximaresearch International LLC\\IdeaProjects\apache-maven-3.9.6\bin;C:\opencv\build\java\x64;C:\Program Files\Git\cmd;C:\Users\oleksii.vasylenko\AppData\Local\Microsoft\WindowsApps;C:\Users\oleksii.vasylenko\AppData\Roaming\npm;C:\Program Files\JetBrains\IntelliJ IDEA Community Edition 2023.3.1\bin;;C:\opencv\build\java\x64;
USERNAME=Oleksii.Vasylenko
OS=Windows_NT
PROCESSOR_IDENTIFIER=Intel64 Family 6 Model 142 Stepping 9, GenuineIntel
TMP=C:\Users\OLEKSI~1.VAS\AppData\Local\Temp
TEMP=C:\Users\OLEKSI~1.VAS\AppData\Local\Temp




Periodic native trim disabled

---------------  S Y S T E M  ---------------

OS:
 Windows 10 , 64 bit Build 19041 (10.0.19041.4597)
OS uptime: 0 days 3:49 hours

CPU: total 4 (initial active 4) (2 cores per cpu, 2 threads per core) family 6 model 142 stepping 9 microcode 0xb4, cx8, cmov, fxsr, ht, mmx, 3dnowpref, sse, sse2, sse3, ssse3, sse4.1, sse4.2, popcnt, lzcnt, tsc, tscinvbit, avx, avx2, aes, erms, clmul, bmi1, bmi2, adx, fma, vzeroupper, clflush, clflushopt, rdtscp, f16c
Processor Information for all 4 processors :
  Max Mhz: 2901, Current Mhz: 2901, Mhz Limit: 2901

Memory: 4k page, system-wide physical 12157M (1913M free)
TotalPageFile size 14572M (AvailPageFile size 4M)
current process WorkingSet (physical memory assigned to process): 75M, peak: 75M
current process commit charge ("private bytes"): 282M, peak: 282M

vm_info: Java HotSpot(TM) 64-Bit Server VM (21.0.1+12-LTS-29) for windows-amd64 JRE (21.0.1+12-LTS-29), built on 2023-10-05T13:27:09Z by "mach5one" with MS VC++ 17.1 (VS2022)

END.
